###############################################################################
#
# IAR ANSI C/C++ Compiler V9.30.1.335/W64 for ARM         21/Dec/2023  22:48:25
# Copyright 1999-2022 IAR Systems AB.
#
#    Cpu mode          =  thumb
#    Endian            =  little
#    Source file       =
#        C:\Users\hyuunnnn\Desktop\temptemp\testing-ground-cda8245e2e235e810093876e6cf13ad1e43a4a22\PROJECT\user\main.c
#    Command line      =
#        -f
#        C:\Users\hyuunnnn\Desktop\temptemp\testing-ground-cda8245e2e235e810093876e6cf13ad1e43a4a22\PROJECT\Debug\Obj\user\main.o.rsp
#        (C:\Users\hyuunnnn\Desktop\temptemp\testing-ground-cda8245e2e235e810093876e6cf13ad1e43a4a22\PROJECT\user\main.c
#        -D USE_STDPERIPH_DRIVER -D STM32F10X_CL -lC
#        C:\Users\hyuunnnn\Desktop\temptemp\testing-ground-cda8245e2e235e810093876e6cf13ad1e43a4a22\PROJECT\Debug\List\user
#        -o
#        C:\Users\hyuunnnn\Desktop\temptemp\testing-ground-cda8245e2e235e810093876e6cf13ad1e43a4a22\PROJECT\Debug\Obj\user
#        --no_cse --no_unroll --no_inline --no_code_motion --no_tbaa
#        --no_clustering --no_scheduling --debug --endian=little
#        --cpu=Cortex-M3 -e --fpu=None --dlib_config "C:\Program Files\IAR
#        Systems\Embedded Workbench 9.1\arm\inc\c\DLib_Config_Normal.h" -I
#        C:\Users\hyuunnnn\Desktop\temptemp\testing-ground-cda8245e2e235e810093876e6cf13ad1e43a4a22\PROJECT\libraries\CMSIS\DeviceSupport\
#        -I
#        C:\Users\hyuunnnn\Desktop\temptemp\testing-ground-cda8245e2e235e810093876e6cf13ad1e43a4a22\PROJECT\libraries\CMSIS\DeviceSupport\Startup\
#        -I
#        C:\Users\hyuunnnn\Desktop\temptemp\testing-ground-cda8245e2e235e810093876e6cf13ad1e43a4a22\PROJECT\libraries\STM32F10x_StdPeriph_Driver_v3.5\inc\
#        -I
#        C:\Users\hyuunnnn\Desktop\temptemp\testing-ground-cda8245e2e235e810093876e6cf13ad1e43a4a22\PROJECT\libraries\STM32F10x_StdPeriph_Driver_v3.5\src\
#        -I
#        C:\Users\hyuunnnn\Desktop\temptemp\testing-ground-cda8245e2e235e810093876e6cf13ad1e43a4a22\PROJECT\libraries\LCD\
#        -I
#        C:\Users\hyuunnnn\Desktop\temptemp\testing-ground-cda8245e2e235e810093876e6cf13ad1e43a4a22\PROJECT\user\
#        -I
#        C:\Users\hyuunnnn\Desktop\temptemp\testing-ground-cda8245e2e235e810093876e6cf13ad1e43a4a22\PROJECT\user\inc\
#        -I
#        C:\Users\hyuunnnn\Desktop\temptemp\testing-ground-cda8245e2e235e810093876e6cf13ad1e43a4a22\PROJECT\libraries\
#        -I
#        C:\Users\hyuunnnn\Desktop\temptemp\testing-ground-cda8245e2e235e810093876e6cf13ad1e43a4a22\PROJECT\libraries\USER\
#        -Ol -I "C:\Program Files\IAR Systems\Embedded Workbench
#        9.1\arm\CMSIS\Core\Include\\") --dependencies=n
#        C:\Users\hyuunnnn\Desktop\temptemp\testing-ground-cda8245e2e235e810093876e6cf13ad1e43a4a22\PROJECT\Debug\Obj\user\main.o.d
#    Locale            =  C
#    List file         =
#        C:\Users\hyuunnnn\Desktop\temptemp\testing-ground-cda8245e2e235e810093876e6cf13ad1e43a4a22\PROJECT\Debug\List\user\main.lst
#    Object file       =
#        C:\Users\hyuunnnn\Desktop\temptemp\testing-ground-cda8245e2e235e810093876e6cf13ad1e43a4a22\PROJECT\Debug\Obj\user\main.o
#    Runtime model:       
#      __CPP_Runtime   =  1
#      __SystemLibrary =  DLib
#      __dlib_version  =  6
#
###############################################################################

C:\Users\hyuunnnn\Desktop\temptemp\testing-ground-cda8245e2e235e810093876e6cf13ad1e43a4a22\PROJECT\user\main.c
      1          #include "stm32f10x.h"
      2          #include "core_cm3.h"
      3          #include "misc.h"
      4          #include "stm32f10x_gpio.h"
      5          #include "stm32f10x_rcc.h"
      6          #include "stm32f10x_usart.h"
      7          #include "stm32f10x_adc.h"
      8          #include "stm32f10x_tim.h"
      9          #include "lcd.h"
     10          #include "touch.h"
     11          #include "configuration.h"
     12          #include "definitions.h"
     13          #include "map.h"
     14          #include "motor.h"
     15          #include "move.h"
     16          #include <math.h>
     17          

   \                                 In section .bss, align 4
     18          int isDark = 0;
   \                     isDark:
   \        0x0                      DS8 4
     19          

   \                                 In section .text, align 2, keep-with-next
     20          void circulateTargetMap()
     21          {
   \                     circulateTargetMap: (+1)
   \        0x0   0xB580             PUSH     {R7,LR}
     22            
     23            generalMove();
   \        0x2   0x.... 0x....      BL       generalMove
     24          }
   \        0x6   0xBD01             POP      {R0,PC}
     25          

   \                                 In section .text, align 2, keep-with-next
     26          void updateTargetMap()
     27          {
   \                     updateTargetMap: (+1)
   \        0x0   0xB538             PUSH     {R3-R5,LR}
     28            assignConvexHull(source_Map, &source_Map_size);
   \        0x2   0x....             LDR.N    R4,??DataTable4
   \        0x4   0x....             LDR.N    R5,??DataTable4_1
   \        0x6   0x0029             MOVS     R1,R5
   \        0x8   0x0020             MOVS     R0,R4
   \        0xA   0x.... 0x....      BL       assignConvexHull
     29            calcAndStoreMidPoints(source_Map, target_Map, &source_Map_size, &target_Map_size);
   \        0xE   0x....             LDR.N    R3,??DataTable4_2
   \       0x10   0x002A             MOVS     R2,R5
   \       0x12   0x....             LDR.N    R1,??DataTable4_3
   \       0x14   0x0020             MOVS     R0,R4
   \       0x16   0x.... 0x....      BL       calcAndStoreMidPoints
     30          }
   \       0x1A   0xBD31             POP      {R0,R4,R5,PC}
     31          

   \                                 In section .text, align 2, keep-with-next
     32          void sendTargetMap()
     33          {
   \                     sendTargetMap: (+1)
   \        0x0   0xB5F8             PUSH     {R3-R7,LR}
     34            USART_SendData(USART2, target_Map_size);
   \        0x2   0x....             LDR.N    R4,??DataTable4_4
   \        0x4   0x....             LDR.N    R5,??DataTable4_2
   \        0x6   0x6828             LDR      R0,[R5, #+0]
   \        0x8   0x0001             MOVS     R1,R0
   \        0xA   0xB289             UXTH     R1,R1
   \        0xC   0x0020             MOVS     R0,R4
   \        0xE   0x.... 0x....      BL       USART_SendData
     35          
     36            for(int i = 0; i < target_Map_size; i++)
   \       0x12   0x2600             MOVS     R6,#+0
   \       0x14   0xE014             B.N      ??sendTargetMap_0
     37            {
     38              USART_SendData(USART2, target_Map[i].x);
                                            ^
Warning[Pa093]: implicit conversion from floating point to integer
   \                     ??sendTargetMap_1: (+1)
   \       0x16   0x....             LDR.N    R7,??DataTable4_3
   \       0x18   0xF857 0x0036      LDR      R0,[R7, R6, LSL #+3]
   \       0x1C   0x.... 0x....      BL       __aeabi_f2iz
   \       0x20   0x0001             MOVS     R1,R0
   \       0x22   0xB289             UXTH     R1,R1
   \       0x24   0x0020             MOVS     R0,R4
   \       0x26   0x.... 0x....      BL       USART_SendData
     39              USART_SendData(USART2, target_Map[i].y);
                                            ^
Warning[Pa093]: implicit conversion from floating point to integer
   \       0x2A   0xEB07 0x00C6      ADD      R0,R7,R6, LSL #+3
   \       0x2E   0x6840             LDR      R0,[R0, #+4]
   \       0x30   0x.... 0x....      BL       __aeabi_f2iz
   \       0x34   0x0001             MOVS     R1,R0
   \       0x36   0xB289             UXTH     R1,R1
   \       0x38   0x0020             MOVS     R0,R4
   \       0x3A   0x.... 0x....      BL       USART_SendData
     40            }
   \       0x3E   0x1C76             ADDS     R6,R6,#+1
   \                     ??sendTargetMap_0: (+1)
   \       0x40   0x6828             LDR      R0,[R5, #+0]
   \       0x42   0x4286             CMP      R6,R0
   \       0x44   0xDBE7             BLT.N    ??sendTargetMap_1
     41          }
   \       0x46   0xBDF1             POP      {R0,R4-R7,PC}
     42          

   \                                 In section .text, align 2, keep-with-next
     43          void setNextPoint()
     44          {
     45            global_Next_Point = target_Map[target_Map_Idx++];
   \                     setNextPoint: (+1)
   \        0x0   0x....             LDR.N    R0,??DataTable4_5
   \        0x2   0x....             LDR.N    R1,??DataTable4_3
   \        0x4   0x6802             LDR      R2,[R0, #+0]
   \        0x6   0xEB01 0x01C2      ADD      R1,R1,R2, LSL #+3
   \        0xA   0xE9D1 0x2300      LDRD     R2,R3,[R1, #+0]
   \        0xE   0x....             LDR.N    R1,??DataTable4_6
   \       0x10   0xE9C1 0x2300      STRD     R2,R3,[R1, #+0]
   \       0x14   0x6801             LDR      R1,[R0, #+0]
   \       0x16   0x1C49             ADDS     R1,R1,#+1
   \       0x18   0x6001             STR      R1,[R0, #+0]
     46          }
   \       0x1A   0x4770             BX       LR
     47          

   \                                 In section .text, align 2, keep-with-next
     48          int main(void)
     49          {
   \                     main: (+1)
   \        0x0   0xB580             PUSH     {R7,LR}
     50              RCC_Configuration();
   \        0x2   0x.... 0x....      BL       RCC_Configuration
     51              GPIO_Configuration();
   \        0x6   0x.... 0x....      BL       GPIO_Configuration
     52              EXTI_Configure();
   \        0xA   0x.... 0x....      BL       EXTI_Configure
     53              USART12_Init();
   \        0xE   0x.... 0x....      BL       USART12_Init
     54              NVIC_Configuration();
   \       0x12   0x.... 0x....      BL       NVIC_Configuration
     55              PWM_Configuration();
   \       0x16   0x.... 0x....      BL       PWM_Configuration
     56              
     57              TIM_ITConfig(TIM2, TIM_IT_Update, ENABLE);
   \       0x1A   0x2201             MOVS     R2,#+1
   \       0x1C   0x2101             MOVS     R1,#+1
   \       0x1E   0xF05F 0x4080      MOVS     R0,#+1073741824
   \       0x22   0x.... 0x....      BL       TIM_ITConfig
     58              TIM_ITConfig(TIM4, TIM_IT_Update, ENABLE);
   \       0x26   0x2201             MOVS     R2,#+1
   \       0x28   0x2101             MOVS     R1,#+1
   \       0x2A   0x....             LDR.N    R0,??DataTable4_7
   \       0x2C   0x.... 0x....      BL       TIM_ITConfig
     59              
     60              Point current_Loc = {0, 0};
                           ^
Warning[Pe177]: variable "current_Loc" was declared but never referenced
   \       0x30   0x....             LDR.N    R2,??DataTable4_8
   \       0x32   0xE9D2 0x0100      LDRD     R0,R1,[R2, #+0]
     61              
     62              //initMap(source_Map, &source_Map_size, &source_Map_Idx);
     63              
     64              //ONE_TICK_FORWARD();
     65              
     66              //FORWARD();
     67           
     68          
     69              ONE_TICK_CLOCKWISE_ROTATION();
   \       0x36   0x.... 0x....      BL       ONE_TICK_CLOCKWISE_ROTATION
     70              
     71              while(1)
   \                     ??main_0: (+1)
   \       0x3A   0xE7FE             B.N      ??main_0
     72              {
     73                /*
     74                if(isDark == 0) continue;
     75          
     76                EXTI_LineCmd(EXTI_Illumination_Line, DISABLE);
     77          
     78                initMap(source_Map, &source_Map_size, &source_Map_Idx);
     79                initMap(target_Map, &target_Map_size, &target_Map_Idx);
     80                global_Theta = 0;
     81                global_Current_Point.x = 0; global_Current_Point.y = 0;
     82          
     83                while(target_Map_size > 2) 
     84                {
     85                  circulateTargetMap();
     86                  updateTargetMap();
     87                  sendTargetMap();
     88                }
     89          
     90                isDark = 0;
     91                EXTI_LineCmd(EXTI_Illumination_Line, ENABLE);
     92          
     93                */
     94              }
     95          }

   \                                 In section .rodata, align 4
   \                     ?_0:
   \        0x0   0x0000'0000        DC32 0x0, 0x0

   \              0x0000'0000

   \                                 In section .text, align 4, keep-with-next
   \                     ??DataTable4:
   \        0x0   0x....'....        DC32     source_Map

   \                                 In section .text, align 4, keep-with-next
   \                     ??DataTable4_1:
   \        0x0   0x....'....        DC32     source_Map_size

   \                                 In section .text, align 4, keep-with-next
   \                     ??DataTable4_2:
   \        0x0   0x....'....        DC32     target_Map_size

   \                                 In section .text, align 4, keep-with-next
   \                     ??DataTable4_3:
   \        0x0   0x....'....        DC32     target_Map

   \                                 In section .text, align 4, keep-with-next
   \                     ??DataTable4_4:
   \        0x0   0x4000'4400        DC32     0x40004400

   \                                 In section .text, align 4, keep-with-next
   \                     ??DataTable4_5:
   \        0x0   0x....'....        DC32     target_Map_Idx

   \                                 In section .text, align 4, keep-with-next
   \                     ??DataTable4_6:
   \        0x0   0x....'....        DC32     global_Next_Point

   \                                 In section .text, align 4, keep-with-next
   \                     ??DataTable4_7:
   \        0x0   0x4000'0800        DC32     0x40000800

   \                                 In section .text, align 4, keep-with-next
   \                     ??DataTable4_8:
   \        0x0   0x....'....        DC32     ?_0
     96          
     97          
     98          

   Maximum stack usage in bytes:

   .cstack Function
   ------- --------
       8   circulateTargetMap
         8   -> generalMove
       8   main
         8   -> EXTI_Configure
         8   -> GPIO_Configuration
         8   -> NVIC_Configuration
         8   -> ONE_TICK_CLOCKWISE_ROTATION
         8   -> PWM_Configuration
         8   -> RCC_Configuration
         8   -> TIM_ITConfig
         8   -> USART12_Init
      24   sendTargetMap
        24   -> USART_SendData
        24   -> __aeabi_f2iz
       0   setNextPoint
      16   updateTargetMap
        16   -> assignConvexHull
        16   -> calcAndStoreMidPoints


   Section sizes:

   Bytes  Function/Label
   -----  --------------
       4  ??DataTable4
       4  ??DataTable4_1
       4  ??DataTable4_2
       4  ??DataTable4_3
       4  ??DataTable4_4
       4  ??DataTable4_5
       4  ??DataTable4_6
       4  ??DataTable4_7
       4  ??DataTable4_8
       8  ?_0
       8  circulateTargetMap
       4  isDark
      60  main
      72  sendTargetMap
      28  setNextPoint
      28  updateTargetMap

 
   4 bytes in section .bss
   8 bytes in section .rodata
 232 bytes in section .text
 
 232 bytes of CODE  memory
   8 bytes of CONST memory
   4 bytes of DATA  memory

Errors: none
Warnings: 3
